<?xml version="1.0" encoding="UTF-8"?>
<!-- Generated by org.testng.reporters.JUnitReportReporter -->
<testsuite hostname="DD41-PC" name="com.datamato.tests.BaseTest" tests="1" failures="0" timestamp="4 Jun 2019 07:31:31 GMT" time="2.656" errors="0">
  <testcase name="displayWelcomeText" time="2.656" classname="com.datamato.tests.BaseTest"/>
</testsuite> <!-- com.datamato.tests.BaseTest -->
